0 info it worked if it ends with ok
1 verbose cli [ '/usr/bin/nodejs',
1 verbose cli   '/usr/bin/npm',
1 verbose cli   'install',
1 verbose cli   'stanford-simple-nlp' ]
2 info using npm@3.10.10
3 info using node@v6.10.0
4 silly loadCurrentTree Starting
5 silly install loadCurrentTree
6 silly install readLocalPackageData
7 silly fetchPackageMetaData stanford-simple-nlp
8 silly fetchNamedPackageData stanford-simple-nlp
9 silly mapToRegistry name stanford-simple-nlp
10 silly mapToRegistry using default registry
11 silly mapToRegistry registry https://registry.npmjs.org/
12 silly mapToRegistry data Result {
12 silly mapToRegistry   raw: 'stanford-simple-nlp',
12 silly mapToRegistry   scope: null,
12 silly mapToRegistry   escapedName: 'stanford-simple-nlp',
12 silly mapToRegistry   name: 'stanford-simple-nlp',
12 silly mapToRegistry   rawSpec: '',
12 silly mapToRegistry   spec: 'latest',
12 silly mapToRegistry   type: 'tag' }
13 silly mapToRegistry uri https://registry.npmjs.org/stanford-simple-nlp
14 verbose request uri https://registry.npmjs.org/stanford-simple-nlp
15 verbose request no auth needed
16 info attempt registry request try #1 at 10:42:36
17 verbose request id 721bdfdc51c43b42
18 verbose etag W/"533d0f47-45f6"
19 verbose lastModified Thu, 03 Apr 2014 07:35:35 GMT
20 http request GET https://registry.npmjs.org/stanford-simple-nlp
21 http 304 https://registry.npmjs.org/stanford-simple-nlp
22 verbose headers { date: 'Fri, 10 Mar 2017 09:42:36 GMT',
22 verbose headers   via: '1.1 varnish',
22 verbose headers   'cache-control': 'max-age=300',
22 verbose headers   etag: 'W/"533d0f47-45f6"',
22 verbose headers   age: '134',
22 verbose headers   connection: 'keep-alive',
22 verbose headers   'x-served-by': 'cache-ams4136-AMS',
22 verbose headers   'x-cache': 'HIT',
22 verbose headers   'x-cache-hits': '1',
22 verbose headers   'x-timer': 'S1489138956.611019,VS0,VE0',
22 verbose headers   vary: 'Accept-Encoding' }
23 silly get cb [ 304,
23 silly get   { date: 'Fri, 10 Mar 2017 09:42:36 GMT',
23 silly get     via: '1.1 varnish',
23 silly get     'cache-control': 'max-age=300',
23 silly get     etag: 'W/"533d0f47-45f6"',
23 silly get     age: '134',
23 silly get     connection: 'keep-alive',
23 silly get     'x-served-by': 'cache-ams4136-AMS',
23 silly get     'x-cache': 'HIT',
23 silly get     'x-cache-hits': '1',
23 silly get     'x-timer': 'S1489138956.611019,VS0,VE0',
23 silly get     vary: 'Accept-Encoding' } ]
24 verbose etag https://registry.npmjs.org/stanford-simple-nlp from cache
25 verbose get saving stanford-simple-nlp to /home/menick/.npm/registry.npmjs.org/stanford-simple-nlp/.cache.json
26 verbose correctMkdir /home/menick/.npm correctMkdir not in flight; initializing
27 silly install normalizeTree
28 silly loadCurrentTree Finishing
29 silly loadIdealTree Starting
30 silly install loadIdealTree
31 silly cloneCurrentTree Starting
32 silly install cloneCurrentTreeToIdealTree
33 silly cloneCurrentTree Finishing
34 silly loadShrinkwrap Starting
35 silly install loadShrinkwrap
36 silly loadShrinkwrap Finishing
37 silly loadAllDepsIntoIdealTree Starting
38 silly install loadAllDepsIntoIdealTree
39 silly resolveWithNewModule stanford-simple-nlp@0.2.2 checking installable status
40 silly cache add args [ 'stanford-simple-nlp', null ]
41 verbose cache add spec stanford-simple-nlp
42 silly cache add parsed spec Result {
42 silly cache add   raw: 'stanford-simple-nlp',
42 silly cache add   scope: null,
42 silly cache add   escapedName: 'stanford-simple-nlp',
42 silly cache add   name: 'stanford-simple-nlp',
42 silly cache add   rawSpec: '',
42 silly cache add   spec: 'latest',
42 silly cache add   type: 'tag' }
43 silly addNamed stanford-simple-nlp@latest
44 verbose addNamed "latest" is being treated as a dist-tag for stanford-simple-nlp
45 info addNameTag [ 'stanford-simple-nlp', 'latest' ]
46 silly mapToRegistry name stanford-simple-nlp
47 silly mapToRegistry using default registry
48 silly mapToRegistry registry https://registry.npmjs.org/
49 silly mapToRegistry data Result {
49 silly mapToRegistry   raw: 'stanford-simple-nlp',
49 silly mapToRegistry   scope: null,
49 silly mapToRegistry   escapedName: 'stanford-simple-nlp',
49 silly mapToRegistry   name: 'stanford-simple-nlp',
49 silly mapToRegistry   rawSpec: '',
49 silly mapToRegistry   spec: 'latest',
49 silly mapToRegistry   type: 'tag' }
50 silly mapToRegistry uri https://registry.npmjs.org/stanford-simple-nlp
51 verbose addNameTag registry:https://registry.npmjs.org/stanford-simple-nlp not in flight; fetching
52 verbose get https://registry.npmjs.org/stanford-simple-nlp not expired, no request
53 silly addNameTag next cb for stanford-simple-nlp with tag latest
54 silly addNamed stanford-simple-nlp@0.2.2
55 verbose addNamed "0.2.2" is a plain semver version for stanford-simple-nlp
56 silly cache afterAdd stanford-simple-nlp@0.2.2
57 verbose afterAdd /home/menick/.npm/stanford-simple-nlp/0.2.2/package/package.json not in flight; writing
58 verbose correctMkdir /home/menick/.npm correctMkdir not in flight; initializing
59 verbose afterAdd /home/menick/.npm/stanford-simple-nlp/0.2.2/package/package.json written
60 silly fetchNamedPackageData java
61 silly mapToRegistry name java
62 silly mapToRegistry using default registry
63 silly mapToRegistry registry https://registry.npmjs.org/
64 silly mapToRegistry data Result {
64 silly mapToRegistry   raw: 'java',
64 silly mapToRegistry   scope: null,
64 silly mapToRegistry   escapedName: 'java',
64 silly mapToRegistry   name: 'java',
64 silly mapToRegistry   rawSpec: '',
64 silly mapToRegistry   spec: 'latest',
64 silly mapToRegistry   type: 'tag' }
65 silly mapToRegistry uri https://registry.npmjs.org/java
66 verbose request uri https://registry.npmjs.org/java
67 verbose request no auth needed
68 info attempt registry request try #1 at 10:42:36
69 verbose etag W/"5893f093-14a73"
70 verbose lastModified Fri, 03 Feb 2017 02:53:07 GMT
71 http request GET https://registry.npmjs.org/java
72 http 304 https://registry.npmjs.org/java
73 verbose headers { date: 'Fri, 10 Mar 2017 09:42:36 GMT',
73 verbose headers   via: '1.1 varnish',
73 verbose headers   'cache-control': 'max-age=300',
73 verbose headers   etag: 'W/"5893f093-14a73"',
73 verbose headers   age: '285',
73 verbose headers   connection: 'keep-alive',
73 verbose headers   'x-served-by': 'cache-ams4136-AMS',
73 verbose headers   'x-cache': 'HIT',
73 verbose headers   'x-cache-hits': '1',
73 verbose headers   'x-timer': 'S1489138956.851051,VS0,VE0',
73 verbose headers   vary: 'Accept-Encoding' }
74 silly get cb [ 304,
74 silly get   { date: 'Fri, 10 Mar 2017 09:42:36 GMT',
74 silly get     via: '1.1 varnish',
74 silly get     'cache-control': 'max-age=300',
74 silly get     etag: 'W/"5893f093-14a73"',
74 silly get     age: '285',
74 silly get     connection: 'keep-alive',
74 silly get     'x-served-by': 'cache-ams4136-AMS',
74 silly get     'x-cache': 'HIT',
74 silly get     'x-cache-hits': '1',
74 silly get     'x-timer': 'S1489138956.851051,VS0,VE0',
74 silly get     vary: 'Accept-Encoding' } ]
75 verbose etag https://registry.npmjs.org/java from cache
76 verbose get saving java to /home/menick/.npm/registry.npmjs.org/java/.cache.json
77 verbose correctMkdir /home/menick/.npm correctMkdir not in flight; initializing
78 silly resolveWithNewModule java@0.2.9 checking installable status
79 silly cache add args [ 'java@~0.2.4', null ]
80 verbose cache add spec java@~0.2.4
81 silly cache add parsed spec Result {
81 silly cache add   raw: 'java@~0.2.4',
81 silly cache add   scope: null,
81 silly cache add   escapedName: 'java',
81 silly cache add   name: 'java',
81 silly cache add   rawSpec: '~0.2.4',
81 silly cache add   spec: '>=0.2.4 <0.3.0',
81 silly cache add   type: 'range' }
82 silly addNamed java@>=0.2.4 <0.3.0
83 verbose addNamed ">=0.2.4 <0.3.0" is a valid semver range for java
84 silly addNameRange { name: 'java', range: '>=0.2.4 <0.3.0', hasData: false }
85 silly mapToRegistry name java
86 silly mapToRegistry using default registry
87 silly mapToRegistry registry https://registry.npmjs.org/
88 silly mapToRegistry data Result {
88 silly mapToRegistry   raw: 'java',
88 silly mapToRegistry   scope: null,
88 silly mapToRegistry   escapedName: 'java',
88 silly mapToRegistry   name: 'java',
88 silly mapToRegistry   rawSpec: '',
88 silly mapToRegistry   spec: 'latest',
88 silly mapToRegistry   type: 'tag' }
89 silly mapToRegistry uri https://registry.npmjs.org/java
90 verbose addNameRange registry:https://registry.npmjs.org/java not in flight; fetching
91 verbose get https://registry.npmjs.org/java not expired, no request
92 silly addNameRange number 2 { name: 'java', range: '>=0.2.4 <0.3.0', hasData: true }
93 silly addNameRange versions [ 'java',
93 silly addNameRange   [ '0.0.1',
93 silly addNameRange     '0.0.2',
93 silly addNameRange     '0.0.3',
93 silly addNameRange     '0.0.4',
93 silly addNameRange     '0.0.5',
93 silly addNameRange     '0.0.6',
93 silly addNameRange     '0.1.0',
93 silly addNameRange     '0.1.1',
93 silly addNameRange     '0.1.2',
93 silly addNameRange     '0.1.3',
93 silly addNameRange     '0.2.0',
93 silly addNameRange     '0.2.1',
93 silly addNameRange     '0.2.2',
93 silly addNameRange     '0.2.3',
93 silly addNameRange     '0.2.4',
93 silly addNameRange     '0.2.5',
93 silly addNameRange     '0.2.6',
93 silly addNameRange     '0.2.7',
93 silly addNameRange     '0.2.8',
93 silly addNameRange     '0.2.9',
93 silly addNameRange     '0.3.0',
93 silly addNameRange     '0.3.1',
93 silly addNameRange     '0.3.2',
93 silly addNameRange     '0.3.3',
93 silly addNameRange     '0.3.4',
93 silly addNameRange     '0.3.5',
93 silly addNameRange     '0.3.6',
93 silly addNameRange     '0.4.0',
93 silly addNameRange     '0.4.1',
93 silly addNameRange     '0.4.2',
93 silly addNameRange     '0.4.3',
93 silly addNameRange     '0.4.4',
93 silly addNameRange     '0.4.5',
93 silly addNameRange     '0.4.6',
93 silly addNameRange     '0.4.7',
93 silly addNameRange     '5.0.0',
93 silly addNameRange     '5.0.1',
93 silly addNameRange     '0.5.1',
93 silly addNameRange     '0.5.2',
93 silly addNameRange     '0.5.3',
93 silly addNameRange     '0.5.4',
93 silly addNameRange     '0.5.5',
93 silly addNameRange     '0.6.0',
93 silly addNameRange     '0.6.1',
93 silly addNameRange     '0.7.0',
93 silly addNameRange     '0.7.1',
93 silly addNameRange     '0.7.2',
93 silly addNameRange     '0.8.0' ] ]
94 silly addNamed java@0.2.9
95 verbose addNamed "0.2.9" is a plain semver version for java
96 silly cache afterAdd java@0.2.9
97 verbose afterAdd /home/menick/.npm/java/0.2.9/package/package.json not in flight; writing
98 verbose correctMkdir /home/menick/.npm correctMkdir not in flight; initializing
99 verbose afterAdd /home/menick/.npm/java/0.2.9/package/package.json written
100 silly loadAllDepsIntoIdealTree Finishing
101 silly loadIdealTree Finishing
102 silly currentTree speech2owl@1.0.0
102 silly currentTree ├── accepts@1.3.3
102 silly currentTree ├── ajv@4.11.4
102 silly currentTree ├── ansi-regex@2.1.1
102 silly currentTree ├── array-flatten@1.1.1
102 silly currentTree ├── asn1@0.2.3
102 silly currentTree ├── assert-plus@0.2.0
102 silly currentTree ├── async@2.1.5
102 silly currentTree ├── asynckit@0.4.0
102 silly currentTree ├── aws-sign2@0.6.0
102 silly currentTree ├── aws4@1.6.0
102 silly currentTree ├── bcrypt-pbkdf@1.0.1
102 silly currentTree ├── bindings@1.2.1
102 silly currentTree ├── boom@2.10.1
102 silly currentTree ├── burst-trie@0.1.0
102 silly currentTree ├── caseless@0.12.0
102 silly currentTree ├── cli-color@1.2.0
102 silly currentTree ├── co@4.6.0
102 silly currentTree ├── coffee-script@1.7.1
102 silly currentTree ├── combined-stream@1.0.5
102 silly currentTree ├── connection-parse@0.0.7
102 silly currentTree ├── content-disposition@0.5.2
102 silly currentTree ├── content-type@1.0.2
102 silly currentTree ├── cookie-signature@1.0.6
102 silly currentTree ├── cookie@0.3.1
102 silly currentTree ├── core-util-is@1.0.2
102 silly currentTree ├── cryptiles@2.0.5
102 silly currentTree ├── csv-generate@1.0.0
102 silly currentTree ├── csv-parse@1.2.0
102 silly currentTree ├── csv-stringify@1.0.4
102 silly currentTree ├── csv@1.1.1
102 silly currentTree ├── d@1.0.0
102 silly currentTree ├─┬ dashdash@1.14.1
102 silly currentTree │ └── assert-plus@1.0.0
102 silly currentTree ├── debug@2.6.1
102 silly currentTree ├── delayed-stream@1.0.0
102 silly currentTree ├── depd@1.1.0
102 silly currentTree ├── destroy@1.0.4
102 silly currentTree ├── double-ended-queue@2.1.0-0
102 silly currentTree ├── ecc-jsbn@0.1.1
102 silly currentTree ├── ee-first@1.1.1
102 silly currentTree ├── encodeurl@1.0.1
102 silly currentTree ├── es5-ext@0.10.12
102 silly currentTree ├─┬ es6-iterator@2.0.0
102 silly currentTree │ └── d@0.1.1
102 silly currentTree ├─┬ es6-symbol@3.1.0
102 silly currentTree │ └── d@0.1.1
102 silly currentTree ├─┬ es6-weak-map@2.0.1
102 silly currentTree │ └── d@0.1.1
102 silly currentTree ├── escape-html@1.0.3
102 silly currentTree ├── etag@1.8.0
102 silly currentTree ├─┬ event-emitter@0.3.4
102 silly currentTree │ └── d@0.1.1
102 silly currentTree ├─┬ event-stream@2.1.9
102 silly currentTree │ └── through@0.0.4
102 silly currentTree ├── express@4.15.2
102 silly currentTree ├── extend@3.0.0
102 silly currentTree ├── extsprintf@1.0.2
102 silly currentTree ├── finalhandler@1.0.0
102 silly currentTree ├── forEachAsync@2.2.1
102 silly currentTree ├── forever-agent@0.6.1
102 silly currentTree ├── form-data@2.1.2
102 silly currentTree ├── forwarded@0.1.0
102 silly currentTree ├── fresh@0.5.0
102 silly currentTree ├── from@0.1.3
102 silly currentTree ├─┬ getpass@0.1.6
102 silly currentTree │ └── assert-plus@1.0.0
102 silly currentTree ├── har-schema@1.0.5
102 silly currentTree ├── har-validator@4.2.1
102 silly currentTree ├── hashring@3.2.0
102 silly currentTree ├── hawk@3.1.3
102 silly currentTree ├── he@0.5.0
102 silly currentTree ├── hiredis@0.5.0
102 silly currentTree ├── hoek@2.16.3
102 silly currentTree ├── http-errors@1.6.1
102 silly currentTree ├── http-signature@1.1.1
102 silly currentTree ├── iconv@2.2.1
102 silly currentTree ├── inherits@2.0.3
102 silly currentTree ├── ipaddr.js@1.2.0
102 silly currentTree ├── is-promise@2.1.0
102 silly currentTree ├── is-typedarray@1.0.0
102 silly currentTree ├── isarray@0.0.1
102 silly currentTree ├── isstream@0.1.2
102 silly currentTree ├── jodid25519@1.0.2
102 silly currentTree ├── jsbn@0.1.1
102 silly currentTree ├── json-schema@0.2.3
102 silly currentTree ├── json-stable-stringify@1.0.1
102 silly currentTree ├── json-stringify-safe@5.0.1
102 silly currentTree ├── jsonify@0.0.0
102 silly currentTree ├── jsonparse@1.3.0
102 silly currentTree ├── JSONStream@1.3.1
102 silly currentTree ├── jsprim@1.3.1
102 silly currentTree ├── lodash.get@4.4.2
102 silly currentTree ├── lodash@4.17.4
102 silly currentTree ├── lru-queue@0.1.0
102 silly currentTree ├── media-typer@0.3.0
102 silly currentTree ├── memoizee@0.4.3
102 silly currentTree ├── merge-descriptors@1.0.1
102 silly currentTree ├── methods@1.1.2
102 silly currentTree ├── mime-db@1.26.0
102 silly currentTree ├── mime-types@2.1.14
102 silly currentTree ├── mime@1.3.4
102 silly currentTree ├── minimist@1.2.0
102 silly currentTree ├── mkdirp@0.3.5
102 silly currentTree ├── ms@0.7.2
102 silly currentTree ├── nan@2.5.1
102 silly currentTree ├── negotiator@0.6.1
102 silly currentTree ├── next-tick@1.0.0
102 silly currentTree ├── node-expat@2.3.15
102 silly currentTree ├─┬ node-redis-cluster@0.1.6
102 silly currentTree │ ├── async@0.2.10
102 silly currentTree │ └── redis@0.10.3
102 silly currentTree ├── oauth-sign@0.8.2
102 silly currentTree ├── on-finished@2.3.0
102 silly currentTree ├── optimist@0.2.8
102 silly currentTree ├── parseurl@1.3.1
102 silly currentTree ├── path-to-regexp@0.1.7
102 silly currentTree ├── performance-now@0.2.0
102 silly currentTree ├─┬ plotter@0.4.3
102 silly currentTree │ └── underscore@1.4.4
102 silly currentTree ├── proxy-addr@1.1.3
102 silly currentTree ├── punycode@1.4.1
102 silly currentTree ├── qs@6.4.0
102 silly currentTree ├── range-parser@1.2.0
102 silly currentTree ├── readable-stream@1.1.14
102 silly currentTree ├── readline@0.0.3
102 silly currentTree ├── redis-commands@1.3.1
102 silly currentTree ├── redis-parser@2.4.0
102 silly currentTree ├── redis-stream@0.1.0
102 silly currentTree ├── redis@2.6.5
102 silly currentTree ├── request-progress@3.0.0
102 silly currentTree ├── request@2.81.0
102 silly currentTree ├── robots@0.9.5
102 silly currentTree ├── safe-buffer@5.0.1
102 silly currentTree ├── salient@0.2.1
102 silly currentTree ├── sax@0.5.8
102 silly currentTree ├── send@0.15.1
102 silly currentTree ├── sequence@2.2.1
102 silly currentTree ├── serve-static@1.12.1
102 silly currentTree ├── setprototypeof@1.0.3
102 silly currentTree ├── simple-lru-cache@0.0.2
102 silly currentTree ├── sntp@1.0.9
102 silly currentTree ├─┬ sshpk@1.11.0
102 silly currentTree │ └── assert-plus@1.0.0
102 silly currentTree ├── statuses@1.3.1
102 silly currentTree ├── stream-transform@0.1.2
102 silly currentTree ├── string_decoder@0.10.31
102 silly currentTree ├── stringstream@0.0.5
102 silly currentTree ├── sylvester@0.0.21
102 silly currentTree ├── term-spinner@1.0.0
102 silly currentTree ├── throttleit@1.0.0
102 silly currentTree ├── through@2.3.8
102 silly currentTree ├─┬ timers-ext@0.1.0
102 silly currentTree │ └── next-tick@0.2.2
102 silly currentTree ├── tough-cookie@2.3.2
102 silly currentTree ├── treetagger@0.1.1
102 silly currentTree ├── tunnel-agent@0.6.0
102 silly currentTree ├── tweetnacl@0.14.5
102 silly currentTree ├── twitter-text@1.6.1
102 silly currentTree ├── type-is@1.6.14
102 silly currentTree ├── underscore.string@2.2.1
102 silly currentTree ├── underscore@1.5.2
102 silly currentTree ├── unpipe@1.0.0
102 silly currentTree ├── utils-merge@1.0.0
102 silly currentTree ├── uuid@3.0.1
102 silly currentTree ├── vary@1.1.0
102 silly currentTree ├── verror@1.3.6
102 silly currentTree ├── walk@2.2.1
102 silly currentTree ├── wordwrap@0.0.3
102 silly currentTree ├── xml-stream@0.4.5
102 silly currentTree └── xml2js@0.2.8
103 silly idealTree speech2owl@1.0.0
103 silly idealTree ├── accepts@1.3.3
103 silly idealTree ├── ajv@4.11.4
103 silly idealTree ├── ansi-regex@2.1.1
103 silly idealTree ├── array-flatten@1.1.1
103 silly idealTree ├── asn1@0.2.3
103 silly idealTree ├── assert-plus@0.2.0
103 silly idealTree ├── async@2.1.5
103 silly idealTree ├── asynckit@0.4.0
103 silly idealTree ├── aws-sign2@0.6.0
103 silly idealTree ├── aws4@1.6.0
103 silly idealTree ├── bcrypt-pbkdf@1.0.1
103 silly idealTree ├── bindings@1.2.1
103 silly idealTree ├── boom@2.10.1
103 silly idealTree ├── burst-trie@0.1.0
103 silly idealTree ├── caseless@0.12.0
103 silly idealTree ├── cli-color@1.2.0
103 silly idealTree ├── co@4.6.0
103 silly idealTree ├── coffee-script@1.7.1
103 silly idealTree ├── combined-stream@1.0.5
103 silly idealTree ├── connection-parse@0.0.7
103 silly idealTree ├── content-disposition@0.5.2
103 silly idealTree ├── content-type@1.0.2
103 silly idealTree ├── cookie-signature@1.0.6
103 silly idealTree ├── cookie@0.3.1
103 silly idealTree ├── core-util-is@1.0.2
103 silly idealTree ├── cryptiles@2.0.5
103 silly idealTree ├── csv-generate@1.0.0
103 silly idealTree ├── csv-parse@1.2.0
103 silly idealTree ├── csv-stringify@1.0.4
103 silly idealTree ├── csv@1.1.1
103 silly idealTree ├── d@1.0.0
103 silly idealTree ├─┬ dashdash@1.14.1
103 silly idealTree │ └── assert-plus@1.0.0
103 silly idealTree ├── debug@2.6.1
103 silly idealTree ├── delayed-stream@1.0.0
103 silly idealTree ├── depd@1.1.0
103 silly idealTree ├── destroy@1.0.4
103 silly idealTree ├── double-ended-queue@2.1.0-0
103 silly idealTree ├── ecc-jsbn@0.1.1
103 silly idealTree ├── ee-first@1.1.1
103 silly idealTree ├── encodeurl@1.0.1
103 silly idealTree ├── es5-ext@0.10.12
103 silly idealTree ├─┬ es6-iterator@2.0.0
103 silly idealTree │ └── d@0.1.1
103 silly idealTree ├─┬ es6-symbol@3.1.0
103 silly idealTree │ └── d@0.1.1
103 silly idealTree ├─┬ es6-weak-map@2.0.1
103 silly idealTree │ └── d@0.1.1
103 silly idealTree ├── escape-html@1.0.3
103 silly idealTree ├── etag@1.8.0
103 silly idealTree ├─┬ event-emitter@0.3.4
103 silly idealTree │ └── d@0.1.1
103 silly idealTree ├─┬ event-stream@2.1.9
103 silly idealTree │ └── through@0.0.4
103 silly idealTree ├── express@4.15.2
103 silly idealTree ├── extend@3.0.0
103 silly idealTree ├── extsprintf@1.0.2
103 silly idealTree ├── finalhandler@1.0.0
103 silly idealTree ├── forEachAsync@2.2.1
103 silly idealTree ├── forever-agent@0.6.1
103 silly idealTree ├── form-data@2.1.2
103 silly idealTree ├── forwarded@0.1.0
103 silly idealTree ├── fresh@0.5.0
103 silly idealTree ├── from@0.1.3
103 silly idealTree ├─┬ getpass@0.1.6
103 silly idealTree │ └── assert-plus@1.0.0
103 silly idealTree ├── har-schema@1.0.5
103 silly idealTree ├── har-validator@4.2.1
103 silly idealTree ├── hashring@3.2.0
103 silly idealTree ├── hawk@3.1.3
103 silly idealTree ├── he@0.5.0
103 silly idealTree ├── hiredis@0.5.0
103 silly idealTree ├── hoek@2.16.3
103 silly idealTree ├── http-errors@1.6.1
103 silly idealTree ├── http-signature@1.1.1
103 silly idealTree ├── iconv@2.2.1
103 silly idealTree ├── inherits@2.0.3
103 silly idealTree ├── ipaddr.js@1.2.0
103 silly idealTree ├── is-promise@2.1.0
103 silly idealTree ├── is-typedarray@1.0.0
103 silly idealTree ├── isarray@0.0.1
103 silly idealTree ├── isstream@0.1.2
103 silly idealTree ├── java@0.2.9
103 silly idealTree ├── jodid25519@1.0.2
103 silly idealTree ├── jsbn@0.1.1
103 silly idealTree ├── json-schema@0.2.3
103 silly idealTree ├── json-stable-stringify@1.0.1
103 silly idealTree ├── json-stringify-safe@5.0.1
103 silly idealTree ├── jsonify@0.0.0
103 silly idealTree ├── jsonparse@1.3.0
103 silly idealTree ├── JSONStream@1.3.1
103 silly idealTree ├── jsprim@1.3.1
103 silly idealTree ├── lodash.get@4.4.2
103 silly idealTree ├── lodash@4.17.4
103 silly idealTree ├── lru-queue@0.1.0
103 silly idealTree ├── media-typer@0.3.0
103 silly idealTree ├── memoizee@0.4.3
103 silly idealTree ├── merge-descriptors@1.0.1
103 silly idealTree ├── methods@1.1.2
103 silly idealTree ├── mime-db@1.26.0
103 silly idealTree ├── mime-types@2.1.14
103 silly idealTree ├── mime@1.3.4
103 silly idealTree ├── minimist@1.2.0
103 silly idealTree ├── mkdirp@0.3.5
103 silly idealTree ├── ms@0.7.2
103 silly idealTree ├── nan@2.5.1
103 silly idealTree ├── negotiator@0.6.1
103 silly idealTree ├── next-tick@1.0.0
103 silly idealTree ├── node-expat@2.3.15
103 silly idealTree ├─┬ node-redis-cluster@0.1.6
103 silly idealTree │ ├── async@0.2.10
103 silly idealTree │ └── redis@0.10.3
103 silly idealTree ├── oauth-sign@0.8.2
103 silly idealTree ├── on-finished@2.3.0
103 silly idealTree ├── optimist@0.2.8
103 silly idealTree ├── parseurl@1.3.1
103 silly idealTree ├── path-to-regexp@0.1.7
103 silly idealTree ├── performance-now@0.2.0
103 silly idealTree ├─┬ plotter@0.4.3
103 silly idealTree │ └── underscore@1.4.4
103 silly idealTree ├── proxy-addr@1.1.3
103 silly idealTree ├── punycode@1.4.1
103 silly idealTree ├── qs@6.4.0
103 silly idealTree ├── range-parser@1.2.0
103 silly idealTree ├── readable-stream@1.1.14
103 silly idealTree ├── readline@0.0.3
103 silly idealTree ├── redis-commands@1.3.1
103 silly idealTree ├── redis-parser@2.4.0
103 silly idealTree ├── redis-stream@0.1.0
103 silly idealTree ├── redis@2.6.5
103 silly idealTree ├── request-progress@3.0.0
103 silly idealTree ├── request@2.81.0
103 silly idealTree ├── robots@0.9.5
103 silly idealTree ├── safe-buffer@5.0.1
103 silly idealTree ├── salient@0.2.1
103 silly idealTree ├── sax@0.5.8
103 silly idealTree ├── send@0.15.1
103 silly idealTree ├── sequence@2.2.1
103 silly idealTree ├── serve-static@1.12.1
103 silly idealTree ├── setprototypeof@1.0.3
103 silly idealTree ├── simple-lru-cache@0.0.2
103 silly idealTree ├── sntp@1.0.9
103 silly idealTree ├─┬ sshpk@1.11.0
103 silly idealTree │ └── assert-plus@1.0.0
103 silly idealTree ├── stanford-simple-nlp@0.2.2
103 silly idealTree ├── statuses@1.3.1
103 silly idealTree ├── stream-transform@0.1.2
103 silly idealTree ├── string_decoder@0.10.31
103 silly idealTree ├── stringstream@0.0.5
103 silly idealTree ├── sylvester@0.0.21
103 silly idealTree ├── term-spinner@1.0.0
103 silly idealTree ├── throttleit@1.0.0
103 silly idealTree ├── through@2.3.8
103 silly idealTree ├─┬ timers-ext@0.1.0
103 silly idealTree │ └── next-tick@0.2.2
103 silly idealTree ├── tough-cookie@2.3.2
103 silly idealTree ├── treetagger@0.1.1
103 silly idealTree ├── tunnel-agent@0.6.0
103 silly idealTree ├── tweetnacl@0.14.5
103 silly idealTree ├── twitter-text@1.6.1
103 silly idealTree ├── type-is@1.6.14
103 silly idealTree ├── underscore.string@2.2.1
103 silly idealTree ├── underscore@1.5.2
103 silly idealTree ├── unpipe@1.0.0
103 silly idealTree ├── utils-merge@1.0.0
103 silly idealTree ├── uuid@3.0.1
103 silly idealTree ├── vary@1.1.0
103 silly idealTree ├── verror@1.3.6
103 silly idealTree ├── walk@2.2.1
103 silly idealTree ├── wordwrap@0.0.3
103 silly idealTree ├── xml-stream@0.4.5
103 silly idealTree └── xml2js@0.2.8
104 silly generateActionsToTake Starting
105 silly install generateActionsToTake
106 silly generateActionsToTake Finishing
107 silly diffTrees action count 2
108 silly diffTrees add java@0.2.9
109 silly diffTrees add stanford-simple-nlp@0.2.2
110 silly decomposeActions action count 16
111 silly decomposeActions fetch java@0.2.9
112 silly decomposeActions extract java@0.2.9
113 silly decomposeActions test java@0.2.9
114 silly decomposeActions preinstall java@0.2.9
115 silly decomposeActions build java@0.2.9
116 silly decomposeActions install java@0.2.9
117 silly decomposeActions postinstall java@0.2.9
118 silly decomposeActions finalize java@0.2.9
119 silly decomposeActions fetch stanford-simple-nlp@0.2.2
120 silly decomposeActions extract stanford-simple-nlp@0.2.2
121 silly decomposeActions test stanford-simple-nlp@0.2.2
122 silly decomposeActions preinstall stanford-simple-nlp@0.2.2
123 silly decomposeActions build stanford-simple-nlp@0.2.2
124 silly decomposeActions install stanford-simple-nlp@0.2.2
125 silly decomposeActions postinstall stanford-simple-nlp@0.2.2
126 silly decomposeActions finalize stanford-simple-nlp@0.2.2
127 silly runTopLevelLifecycles Starting
128 silly executeActions Starting
129 silly install executeActions
130 silly doSerial global-install 0
131 silly doParallel fetch 2
132 verbose correctMkdir /home/menick/.npm/_locks correctMkdir not in flight; initializing
133 verbose lock using /home/menick/.npm/_locks/staging-b2f2d8b9082daff6.lock for /home/menick/Scrivania/speech2owl/node_modules/.staging
134 silly doParallel extract 2
135 silly extract java@0.2.9
136 silly extract stanford-simple-nlp@0.2.2
137 verbose unbuild node_modules/.staging/java-df8b4cc8
138 verbose unbuild node_modules/.staging/stanford-simple-nlp-6daee400
139 silly gentlyRm /home/menick/Scrivania/speech2owl/node_modules/.staging/java-df8b4cc8 is being purged from base /home/menick/Scrivania/speech2owl
140 verbose gentlyRm don't care about contents; nuking /home/menick/Scrivania/speech2owl/node_modules/.staging/java-df8b4cc8
141 silly gentlyRm /home/menick/Scrivania/speech2owl/node_modules/.staging/stanford-simple-nlp-6daee400 is being purged from base /home/menick/Scrivania/speech2owl
142 verbose gentlyRm don't care about contents; nuking /home/menick/Scrivania/speech2owl/node_modules/.staging/stanford-simple-nlp-6daee400
143 verbose tar unpack /home/menick/.npm/java/0.2.9/package.tgz
144 verbose tar unpacking to /home/menick/Scrivania/speech2owl/node_modules/.staging/java-df8b4cc8
145 silly gentlyRm /home/menick/Scrivania/speech2owl/node_modules/.staging/java-df8b4cc8 is being purged
146 verbose gentlyRm don't care about contents; nuking /home/menick/Scrivania/speech2owl/node_modules/.staging/java-df8b4cc8
147 verbose tar unpack /home/menick/.npm/stanford-simple-nlp/0.2.2/package.tgz
148 verbose tar unpacking to /home/menick/Scrivania/speech2owl/node_modules/.staging/stanford-simple-nlp-6daee400
149 silly gentlyRm /home/menick/Scrivania/speech2owl/node_modules/.staging/stanford-simple-nlp-6daee400 is being purged
150 verbose gentlyRm don't care about contents; nuking /home/menick/Scrivania/speech2owl/node_modules/.staging/stanford-simple-nlp-6daee400
151 silly gunzTarPerm modes [ '775', '664' ]
152 silly gunzTarPerm modes [ '775', '664' ]
153 silly gunzTarPerm extractEntry package.json
154 silly gunzTarPerm modified mode [ 'package.json', 420, 436 ]
155 silly gunzTarPerm extractEntry package.json
156 silly gunzTarPerm modified mode [ 'package.json', 420, 436 ]
157 silly gunzTarPerm extractEntry .npmignore
158 silly gunzTarPerm modified mode [ '.npmignore', 420, 436 ]
159 silly gunzTarPerm extractEntry README.md
160 silly gunzTarPerm modified mode [ 'README.md', 420, 436 ]
161 silly gunzTarPerm extractEntry .npmignore
162 silly gunzTarPerm modified mode [ '.npmignore', 420, 436 ]
163 silly gunzTarPerm extractEntry README.md
164 silly gunzTarPerm modified mode [ 'README.md', 420, 436 ]
165 silly gunzTarPerm extractEntry LICENSE
166 silly gunzTarPerm modified mode [ 'LICENSE', 420, 436 ]
167 silly gunzTarPerm extractEntry LICENSE
168 silly gunzTarPerm modified mode [ 'LICENSE', 420, 436 ]
169 silly gunzTarPerm extractEntry index.js
170 silly gunzTarPerm modified mode [ 'index.js', 420, 436 ]
171 silly gunzTarPerm extractEntry index.js
172 silly gunzTarPerm modified mode [ 'index.js', 420, 436 ]
173 silly gunzTarPerm extractEntry mnm.js
174 silly gunzTarPerm modified mode [ 'mnm.js', 493, 509 ]
175 silly gunzTarPerm extractEntry jar/README.md
176 silly gunzTarPerm modified mode [ 'jar/README.md', 420, 436 ]
177 silly gunzTarPerm extractEntry lib/StanfordSimpleNLP.coffee
178 silly gunzTarPerm modified mode [ 'lib/StanfordSimpleNLP.coffee', 420, 436 ]
179 silly gunzTarPerm extractEntry testHelpers.js
180 silly gunzTarPerm modified mode [ 'testHelpers.js', 420, 436 ]
181 silly gunzTarPerm extractEntry touch.py
182 silly gunzTarPerm modified mode [ 'touch.py', 420, 436 ]
183 silly gunzTarPerm extractEntry lib/getParsedTree.coffee
184 silly gunzTarPerm modified mode [ 'lib/getParsedTree.coffee', 420, 436 ]
185 silly gunzTarPerm extractEntry lib/index.coffee
186 silly gunzTarPerm modified mode [ 'lib/index.coffee', 420, 436 ]
187 silly gunzTarPerm extractEntry test/StanfordSimpleNLP.test.coffee
188 silly gunzTarPerm modified mode [ 'test/StanfordSimpleNLP.test.coffee', 420, 436 ]
189 silly gunzTarPerm extractEntry test/getParsedTree.test.coffee
190 silly gunzTarPerm modified mode [ 'test/getParsedTree.test.coffee', 420, 436 ]
191 silly gunzTarPerm extractEntry jarjar.rule
192 silly gunzTarPerm modified mode [ 'jarjar.rule', 420, 436 ]
193 silly gunzTarPerm extractEntry binding.gyp
194 silly gunzTarPerm modified mode [ 'binding.gyp', 420, 436 ]
195 silly gunzTarPerm extractEntry commons-lang3-node-java.jar
196 silly gunzTarPerm modified mode [ 'commons-lang3-node-java.jar', 420, 436 ]
197 silly gunzTarPerm extractEntry compile-java-code.sh
198 silly gunzTarPerm modified mode [ 'compile-java-code.sh', 493, 509 ]
199 silly gunzTarPerm extractEntry projectFilesBackup/.idea/libraries/sass_stdlib.xml
200 silly gunzTarPerm modified mode [ 'projectFilesBackup/.idea/libraries/sass_stdlib.xml',
200 silly gunzTarPerm   420,
200 silly gunzTarPerm   436 ]
201 silly gunzTarPerm extractEntry projectFilesBackup1/.idea/libraries/sass_stdlib.xml
202 silly gunzTarPerm modified mode [ 'projectFilesBackup1/.idea/libraries/sass_stdlib.xml',
202 silly gunzTarPerm   420,
202 silly gunzTarPerm   436 ]
203 silly gunzTarPerm extractEntry src/methodCallBaton.cpp
204 silly gunzTarPerm modified mode [ 'src/methodCallBaton.cpp', 420, 436 ]
205 silly gunzTarPerm extractEntry src/java.cpp
206 silly gunzTarPerm modified mode [ 'src/java.cpp', 420, 436 ]
207 silly gunzTarPerm extractEntry src/javaObject.cpp
208 silly gunzTarPerm modified mode [ 'src/javaObject.cpp', 420, 436 ]
209 silly gunzTarPerm extractEntry src/javaObject.h
210 silly gunzTarPerm modified mode [ 'src/javaObject.h', 420, 436 ]
211 silly gunzTarPerm extractEntry src/javaScope.cpp
212 silly gunzTarPerm modified mode [ 'src/javaScope.cpp', 420, 436 ]
213 silly gunzTarPerm extractEntry src/javaScope.h
214 silly gunzTarPerm modified mode [ 'src/javaScope.h', 420, 436 ]
215 silly gunzTarPerm extractEntry src/java.h
216 silly gunzTarPerm modified mode [ 'src/java.h', 420, 436 ]
217 silly gunzTarPerm extractEntry src/methodCallBaton.h
218 silly gunzTarPerm modified mode [ 'src/methodCallBaton.h', 420, 436 ]
219 silly gunzTarPerm extractEntry src/nodeJavaBridge.cpp
220 silly gunzTarPerm modified mode [ 'src/nodeJavaBridge.cpp', 420, 436 ]
221 silly gunzTarPerm extractEntry src/node_NodeDynamicProxyClass.h
222 silly gunzTarPerm modified mode [ 'src/node_NodeDynamicProxyClass.h', 420, 436 ]
223 silly gunzTarPerm extractEntry src/utils.cpp
224 silly gunzTarPerm modified mode [ 'src/utils.cpp', 420, 436 ]
225 silly gunzTarPerm extractEntry src/utils.h
226 silly gunzTarPerm modified mode [ 'src/utils.h', 420, 436 ]
227 silly gunzTarPerm extractEntry src-java/node/NodeDynamicProxyClass.class
228 silly gunzTarPerm modified mode [ 'src-java/node/NodeDynamicProxyClass.class', 420, 436 ]
229 silly gunzTarPerm extractEntry src-java/node/NodeDynamicProxyClass.java
230 silly gunzTarPerm modified mode [ 'src-java/node/NodeDynamicProxyClass.java', 420, 436 ]
231 silly gunzTarPerm extractEntry test/utils-types-test.js
232 silly gunzTarPerm modified mode [ 'test/utils-types-test.js', 420, 436 ]
233 silly gunzTarPerm extractEntry test/simple-test.js
234 silly gunzTarPerm modified mode [ 'test/simple-test.js', 420, 436 ]
235 silly gunzTarPerm extractEntry test/javaObject-test.js
236 silly gunzTarPerm modified mode [ 'test/javaObject-test.js', 420, 436 ]
237 silly gunzTarPerm extractEntry test/java-staticField-test.js
238 silly gunzTarPerm modified mode [ 'test/java-staticField-test.js', 420, 436 ]
239 silly gunzTarPerm extractEntry test/java-newInstance-test.js
240 silly gunzTarPerm modified mode [ 'test/java-newInstance-test.js', 420, 436 ]
241 silly gentlyRm /home/menick/Scrivania/speech2owl/node_modules/.staging/stanford-simple-nlp-6daee400/node_modules is being purged
242 verbose gentlyRm don't care about contents; nuking /home/menick/Scrivania/speech2owl/node_modules/.staging/stanford-simple-nlp-6daee400/node_modules
243 silly gunzTarPerm extractEntry test/java-callStaticMethod-test.js
244 silly gunzTarPerm modified mode [ 'test/java-callStaticMethod-test.js', 420, 436 ]
245 silly gunzTarPerm extractEntry test/instanceof-test.js
246 silly gunzTarPerm modified mode [ 'test/instanceof-test.js', 420, 436 ]
247 silly gunzTarPerm extractEntry test/importClass-test.js
248 silly gunzTarPerm modified mode [ 'test/importClass-test.js', 420, 436 ]
249 silly gunzTarPerm extractEntry test/dynamicProxy-test.js
250 silly gunzTarPerm modified mode [ 'test/dynamicProxy-test.js', 420, 436 ]
251 silly gunzTarPerm extractEntry test/awt-test.js
252 silly gunzTarPerm modified mode [ 'test/awt-test.js', 420, 436 ]
253 silly gunzTarPerm extractEntry test/Test$SuperClass.class
254 silly gunzTarPerm modified mode [ 'test/Test$SuperClass.class', 420, 436 ]
255 silly gunzTarPerm extractEntry test/TestExceptions.java
256 silly gunzTarPerm modified mode [ 'test/TestExceptions.java', 420, 436 ]
257 silly gunzTarPerm extractEntry test/commons-lang3-3.1.jar
258 silly gunzTarPerm modified mode [ 'test/commons-lang3-3.1.jar', 420, 436 ]
259 silly gunzTarPerm extractEntry test/TestExceptions.class
260 silly gunzTarPerm modified mode [ 'test/TestExceptions.class', 420, 436 ]
261 silly gunzTarPerm extractEntry test/Test.java
262 silly gunzTarPerm modified mode [ 'test/Test.java', 420, 436 ]
263 silly gunzTarPerm extractEntry test/Test.class
264 silly gunzTarPerm modified mode [ 'test/Test.class', 420, 436 ]
265 silly gunzTarPerm extractEntry test/RunInterface$Interface1Arg.class
266 silly gunzTarPerm modified mode [ 'test/RunInterface$Interface1Arg.class', 420, 436 ]
267 silly gunzTarPerm extractEntry test/Test$SubClass.class
268 silly gunzTarPerm modified mode [ 'test/Test$SubClass.class', 420, 436 ]
269 silly gunzTarPerm extractEntry test/RunInterface.java
270 silly gunzTarPerm modified mode [ 'test/RunInterface.java', 420, 436 ]
271 silly gunzTarPerm extractEntry test/RunInterface.class
272 silly gunzTarPerm modified mode [ 'test/RunInterface.class', 420, 436 ]
273 silly gunzTarPerm extractEntry test/nodejs.png
274 silly gunzTarPerm modified mode [ 'test/nodejs.png', 420, 436 ]
275 silly gunzTarPerm extractEntry test/RunInterface$InterfaceWithReturn.class
276 silly gunzTarPerm modified mode [ 'test/RunInterface$InterfaceWithReturn.class', 420, 436 ]
277 silly gunzTarPerm extractEntry test/RunInterface$Interface0Arg.class
278 silly gunzTarPerm modified mode [ 'test/RunInterface$Interface0Arg.class', 420, 436 ]
279 silly gunzTarPerm extractEntry examples/lucene/example.js
280 silly gunzTarPerm modified mode [ 'examples/lucene/example.js', 493, 509 ]
281 silly gunzTarPerm extractEntry examples/lucene/lucene-core-3.5.0.jar
282 silly gunzTarPerm modified mode [ 'examples/lucene/lucene-core-3.5.0.jar', 420, 436 ]
283 silly gunzTarPerm extractEntry examples/mixJavaAndNode/runMyClass.js
284 silly gunzTarPerm modified mode [ 'examples/mixJavaAndNode/runMyClass.js', 493, 509 ]
285 silly gunzTarPerm extractEntry examples/mixJavaAndNode/src/com/nearinfinity/nodeJava/MyClass.class
286 silly gunzTarPerm modified mode [ 'examples/mixJavaAndNode/src/com/nearinfinity/nodeJava/MyClass.class',
286 silly gunzTarPerm   420,
286 silly gunzTarPerm   436 ]
287 silly gunzTarPerm extractEntry examples/mixJavaAndNode/src/com/nearinfinity/nodeJava/MyClass.java
288 silly gunzTarPerm modified mode [ 'examples/mixJavaAndNode/src/com/nearinfinity/nodeJava/MyClass.java',
288 silly gunzTarPerm   420,
288 silly gunzTarPerm   436 ]
289 silly gunzTarPerm extractEntry lib/nodeJavaBridge.js
290 silly gunzTarPerm modified mode [ 'lib/nodeJavaBridge.js', 420, 436 ]
291 silly gentlyRm /home/menick/Scrivania/speech2owl/node_modules/.staging/java-df8b4cc8/node_modules is being purged
292 verbose gentlyRm don't care about contents; nuking /home/menick/Scrivania/speech2owl/node_modules/.staging/java-df8b4cc8/node_modules
293 silly doParallel preinstall 2
294 silly preinstall java@0.2.9 /home/menick/Scrivania/speech2owl/node_modules/.staging/java-df8b4cc8
295 info lifecycle java@0.2.9~preinstall: java@0.2.9
296 silly preinstall stanford-simple-nlp@0.2.2 /home/menick/Scrivania/speech2owl/node_modules/.staging/stanford-simple-nlp-6daee400
297 info lifecycle stanford-simple-nlp@0.2.2~preinstall: stanford-simple-nlp@0.2.2
298 silly lifecycle java@0.2.9~preinstall: no script for preinstall, continuing
299 silly lifecycle stanford-simple-nlp@0.2.2~preinstall: no script for preinstall, continuing
300 silly doReverseSerial remove 0
301 silly doSerial move 0
302 silly doSerial finalize 2
303 silly finalize /home/menick/Scrivania/speech2owl/node_modules/java
304 silly finalize /home/menick/Scrivania/speech2owl/node_modules/stanford-simple-nlp
305 silly doSerial build 2
306 silly build java@0.2.9
307 info linkStuff java@0.2.9
308 silly linkStuff java@0.2.9 has /home/menick/Scrivania/speech2owl/node_modules as its parent node_modules
309 verbose linkBins java@0.2.9
310 verbose linkMans java@0.2.9
311 silly build stanford-simple-nlp@0.2.2
312 info linkStuff stanford-simple-nlp@0.2.2
313 silly linkStuff stanford-simple-nlp@0.2.2 has /home/menick/Scrivania/speech2owl/node_modules as its parent node_modules
314 verbose linkBins stanford-simple-nlp@0.2.2
315 verbose linkMans stanford-simple-nlp@0.2.2
316 silly doSerial global-link 0
317 silly doParallel update-linked 0
318 silly doSerial install 2
319 silly install java@0.2.9 /home/menick/Scrivania/speech2owl/node_modules/.staging/java-df8b4cc8
320 info lifecycle java@0.2.9~install: java@0.2.9
321 verbose lifecycle java@0.2.9~install: unsafe-perm in lifecycle true
322 verbose lifecycle java@0.2.9~install: PATH: /usr/lib/node_modules/npm/bin/node-gyp-bin:/home/menick/Scrivania/speech2owl/node_modules/java/node_modules/.bin:/home/menick/Scrivania/speech2owl/node_modules/.bin:/home/menick/bin:/home/menick/.local/bin:/usr/local/sbin:/usr/local/bin:/usr/sbin:/usr/bin:/sbin:/bin:/usr/games:/usr/local/games:/snap/bin
323 verbose lifecycle java@0.2.9~install: CWD: /home/menick/Scrivania/speech2owl/node_modules/java
324 silly lifecycle java@0.2.9~install: Args: [ '-c', 'node-gyp rebuild' ]
325 silly lifecycle java@0.2.9~install: Returned: code: 1  signal: null
326 info lifecycle java@0.2.9~install: Failed to exec install script
327 verbose unlock done using /home/menick/.npm/_locks/staging-b2f2d8b9082daff6.lock for /home/menick/Scrivania/speech2owl/node_modules/.staging
328 silly rollbackFailedOptional Starting
329 silly rollbackFailedOptional Finishing
330 silly runTopLevelLifecycles Finishing
331 silly install printInstalled
332 verbose stack Error: java@0.2.9 install: `node-gyp rebuild`
332 verbose stack Exit status 1
332 verbose stack     at EventEmitter.<anonymous> (/usr/lib/node_modules/npm/lib/utils/lifecycle.js:255:16)
332 verbose stack     at emitTwo (events.js:106:13)
332 verbose stack     at EventEmitter.emit (events.js:191:7)
332 verbose stack     at ChildProcess.<anonymous> (/usr/lib/node_modules/npm/lib/utils/spawn.js:40:14)
332 verbose stack     at emitTwo (events.js:106:13)
332 verbose stack     at ChildProcess.emit (events.js:191:7)
332 verbose stack     at maybeClose (internal/child_process.js:877:16)
332 verbose stack     at Process.ChildProcess._handle.onexit (internal/child_process.js:226:5)
333 verbose pkgid java@0.2.9
334 verbose cwd /home/menick/Scrivania/speech2owl
335 error Linux 4.4.0-66-generic
336 error argv "/usr/bin/nodejs" "/usr/bin/npm" "install" "stanford-simple-nlp"
337 error node v6.10.0
338 error npm  v3.10.10
339 error code ELIFECYCLE
340 error java@0.2.9 install: `node-gyp rebuild`
340 error Exit status 1
341 error Failed at the java@0.2.9 install script 'node-gyp rebuild'.
341 error Make sure you have the latest version of node.js and npm installed.
341 error If you do, this is most likely a problem with the java package,
341 error not with npm itself.
341 error Tell the author that this fails on your system:
341 error     node-gyp rebuild
341 error You can get information on how to open an issue for this project with:
341 error     npm bugs java
341 error Or if that isn't available, you can get their info via:
341 error     npm owner ls java
341 error There is likely additional logging output above.
342 verbose exit [ 1, true ]
